[2021-10-30 08:20:03] local.ERROR: No application encryption key has been specified. {"exception":"[object] (RuntimeException(code: 0): No application encryption key has been specified. at C:\\Users\\Abbas\\Documents\\{}{}{}{}{}{}{}{}{}\\LESSONNSS\\Courses + Projects\\Learn Courses\\Laravel\\laravel-beginners-tutorial-lesson-29\\pizzahouse\\vendor\\laravel\\framework\\src\\Illuminate\\Encryption\\EncryptionServiceProvider.php:80)
[stacktrace]
#0 C:\\Users\\Abbas\\Documents\\{}{}{}{}{}{}{}{}{}\\LESSONNSS\\Courses + Projects\\Learn Courses\\Laravel\\laravel-beginners-tutorial-lesson-29\\pizzahouse\\vendor\\laravel\\framework\\src\\Illuminate\\Support\\helpers.php(422): Illuminate\\Encryption\\EncryptionServiceProvider->Illuminate\\Encryption\\{closure}('')
#1 C:\\Users\\Abbas\\Documents\\{}{}{}{}{}{}{}{}{}\\LESSONNSS\\Courses + Projects\\Learn Courses\\Laravel\\laravel-beginners-tutorial-lesson-29\\pizzahouse\\vendor\\laravel\\framework\\src\\Illuminate\\Encryption\\EncryptionServiceProvider.php(84): tap('', Object(Closure))
#2 C:\\Users\\Abbas\\Documents\\{}{}{}{}{}{}{}{}{}\\LESSONNSS\\Courses + Projects\\Learn Courses\\Laravel\\laravel-beginners-tutorial-lesson-29\\pizzahouse\\vendor\\laravel\\framework\\src\\Illuminate\\Encryption\\EncryptionServiceProvider.php(61): Illuminate\\Encryption\\EncryptionServiceProvider->key(Array)
#3 C:\\Users\\Abbas\\Documents\\{}{}{}{}{}{}{}{}{}\\LESSONNSS\\Courses + Projects\\Learn Courses\\Laravel\\laravel-beginners-tutorial-lesson-29\\pizzahouse\\vendor\\laravel\\framework\\src\\Illuminate\\Encryption\\EncryptionServiceProvider.php(33): Illuminate\\Encryption\\EncryptionServiceProvider->parseKey(Array)
#4 C:\\Users\\Abbas\\Documents\\{}{}{}{}{}{}{}{}{}\\LESSONNSS\\Courses + Projects\\Learn Courses\\Laravel\\laravel-beginners-tutorial-lesson-29\\pizzahouse\\vendor\\laravel\\framework\\src\\Illuminate\\Container\\Container.php(799): Illuminate\\Encryption\\EncryptionServiceProvider->Illuminate\\Encryption\\{closure}(Object(Illuminate\\Foundation\\Application), Array)
#5 C:\\Users\\Abbas\\Documents\\{}{}{}{}{}{}{}{}{}\\LESSONNSS\\Courses + Projects\\Learn Courses\\Laravel\\laravel-beginners-tutorial-lesson-29\\pizzahouse\\vendor\\laravel\\framework\\src\\Illuminate\\Container\\Container.php(681): Illuminate\\Container\\Container->build(Object(Closure))
#6 C:\\Users\\Abbas\\Documents\\{}{}{}{}{}{}{}{}{}\\LESSONNSS\\Courses + Projects\\Learn Courses\\Laravel\\laravel-beginners-tutorial-lesson-29\\pizzahouse\\vendor\\laravel\\framework\\src\\Illuminate\\Foundation\\Application.php(785): Illuminate\\Container\\Container->resolve('encrypter', Array, true)
#7 C:\\Users\\Abbas\\Documents\\{}{}{}{}{}{}{}{}{}\\LESSONNSS\\Courses + Projects\\Learn Courses\\Laravel\\laravel-beginners-tutorial-lesson-29\\pizzahouse\\vendor\\laravel\\framework\\src\\Illuminate\\Container\\Container.php(629): Illuminate\\Foundation\\Application->resolve('encrypter', Array)
#8 C:\\Users\\Abbas\\Documents\\{}{}{}{}{}{}{}{}{}\\LESSONNSS\\Courses + Projects\\Learn Courses\\Laravel\\laravel-beginners-tutorial-lesson-29\\pizzahouse\\vendor\\laravel\\framework\\src\\Illuminate\\Foundation\\Application.php(770): Illuminate\\Container\\Container->make('encrypter', Array)
#9 C:\\Users\\Abbas\\Documents\\{}{}{}{}{}{}{}{}{}\\LESSONNSS\\Courses + Projects\\Learn Courses\\Laravel\\laravel-beginners-tutorial-lesson-29\\pizzahouse\\vendor\\laravel\\framework\\src\\Illuminate\\Container\\Container.php(945): Illuminate\\Foundation\\Application->make('encrypter')
#10 C:\\Users\\Abbas\\Documents\\{}{}{}{}{}{}{}{}{}\\LESSONNSS\\Courses + Projects\\Learn Courses\\Laravel\\laravel-beginners-tutorial-lesson-29\\pizzahouse\\vendor\\laravel\\framework\\src\\Illuminate\\Container\\Container.php(873): Illuminate\\Container\\Container->resolveClass(Object(ReflectionParameter))
#11 C:\\Users\\Abbas\\Documents\\{}{}{}{}{}{}{}{}{}\\LESSONNSS\\Courses + Projects\\Learn Courses\\Laravel\\laravel-beginners-tutorial-lesson-29\\pizzahouse\\vendor\\laravel\\framework\\src\\Illuminate\\Container\\Container.php(834): Illuminate\\Container\\Container->resolveDependencies(Array)
#12 C:\\Users\\Abbas\\Documents\\{}{}{}{}{}{}{}{}{}\\LESSONNSS\\Courses + Projects\\Learn Courses\\Laravel\\laravel-beginners-tutorial-lesson-29\\pizzahouse\\vendor\\laravel\\framework\\src\\Illuminate\\Container\\Container.php(681): Illuminate\\Container\\Container->build('App\\\\Http\\\\Middle...')
#13 C:\\Users\\Abbas\\Documents\\{}{}{}{}{}{}{}{}{}\\LESSONNSS\\Courses + Projects\\Learn Courses\\Laravel\\laravel-beginners-tutorial-lesson-29\\pizzahouse\\vendor\\laravel\\framework\\src\\Illuminate\\Foundation\\Application.php(785): Illuminate\\Container\\Container->resolve('App\\\\Http\\\\Middle...', Array, true)
#14 C:\\Users\\Abbas\\Documents\\{}{}{}{}{}{}{}{}{}\\LESSONNSS\\Courses + Projects\\Learn Courses\\Laravel\\laravel-beginners-tutorial-lesson-29\\pizzahouse\\vendor\\laravel\\framework\\src\\Illuminate\\Container\\Container.php(629): Illuminate\\Foundation\\Application->resolve('App\\\\Http\\\\Middle...', Array)
#15 C:\\Users\\Abbas\\Documents\\{}{}{}{}{}{}{}{}{}\\LESSONNSS\\Courses + Projects\\Learn Courses\\Laravel\\laravel-beginners-tutorial-lesson-29\\pizzahouse\\vendor\\laravel\\framework\\src\\Illuminate\\Foundation\\Application.php(770): Illuminate\\Container\\Container->make('App\\\\Http\\\\Middle...', Array)
#16 C:\\Users\\Abbas\\Documents\\{}{}{}{}{}{}{}{}{}\\LESSONNSS\\Courses + Projects\\Learn Courses\\Laravel\\laravel-beginners-tutorial-lesson-29\\pizzahouse\\vendor\\laravel\\framework\\src\\Illuminate\\Pipeline\\Pipeline.php(160): Illuminate\\Foundation\\Application->make('App\\\\Http\\\\Middle...')
#17 C:\\Users\\Abbas\\Documents\\{}{}{}{}{}{}{}{}{}\\LESSONNSS\\Courses + Projects\\Learn Courses\\Laravel\\laravel-beginners-tutorial-lesson-29\\pizzahouse\\vendor\\laravel\\framework\\src\\Illuminate\\Pipeline\\Pipeline.php(105): Illuminate\\Pipeline\\Pipeline->Illuminate\\Pipeline\\{closure}(Object(Illuminate\\Http\\Request))
#18 C:\\Users\\Abbas\\Documents\\{}{}{}{}{}{}{}{}{}\\LESSONNSS\\Courses + Projects\\Learn Courses\\Laravel\\laravel-beginners-tutorial-lesson-29\\pizzahouse\\vendor\\laravel\\framework\\src\\Illuminate\\Routing\\Router.php(683): Illuminate\\Pipeline\\Pipeline->then(Object(Closure))
#19 C:\\Users\\Abbas\\Documents\\{}{}{}{}{}{}{}{}{}\\LESSONNSS\\Courses + Projects\\Learn Courses\\Laravel\\laravel-beginners-tutorial-lesson-29\\pizzahouse\\vendor\\laravel\\framework\\src\\Illuminate\\Routing\\Router.php(658): Illuminate\\Routing\\Router->runRouteWithinStack(Object(Illuminate\\Routing\\Route), Object(Illuminate\\Http\\Request))
#20 C:\\Users\\Abbas\\Documents\\{}{}{}{}{}{}{}{}{}\\LESSONNSS\\Courses + Projects\\Learn Courses\\Laravel\\laravel-beginners-tutorial-lesson-29\\pizzahouse\\vendor\\laravel\\framework\\src\\Illuminate\\Routing\\Router.php(624): Illuminate\\Routing\\Router->runRoute(Object(Illuminate\\Http\\Request), Object(Illuminate\\Routing\\Route))
#21 C:\\Users\\Abbas\\Documents\\{}{}{}{}{}{}{}{}{}\\LESSONNSS\\Courses + Projects\\Learn Courses\\Laravel\\laravel-beginners-tutorial-lesson-29\\pizzahouse\\vendor\\laravel\\framework\\src\\Illuminate\\Routing\\Router.php(613): Illuminate\\Routing\\Router->dispatchToRoute(Object(Illuminate\\Http\\Request))
#22 C:\\Users\\Abbas\\Documents\\{}{}{}{}{}{}{}{}{}\\LESSONNSS\\Courses + Projects\\Learn Courses\\Laravel\\laravel-beginners-tutorial-lesson-29\\pizzahouse\\vendor\\laravel\\framework\\src\\Illuminate\\Foundation\\Http\\Kernel.php(170): Illuminate\\Routing\\Router->dispatch(Object(Illuminate\\Http\\Request))
#23 C:\\Users\\Abbas\\Documents\\{}{}{}{}{}{}{}{}{}\\LESSONNSS\\Courses + Projects\\Learn Courses\\Laravel\\laravel-beginners-tutorial-lesson-29\\pizzahouse\\vendor\\laravel\\framework\\src\\Illuminate\\Pipeline\\Pipeline.php(130): Illuminate\\Foundation\\Http\\Kernel->Illuminate\\Foundation\\Http\\{closure}(Object(Illuminate\\Http\\Request))
#24 C:\\Users\\Abbas\\Documents\\{}{}{}{}{}{}{}{}{}\\LESSONNSS\\Courses + Projects\\Learn Courses\\Laravel\\laravel-beginners-tutorial-lesson-29\\pizzahouse\\vendor\\laravel\\framework\\src\\Illuminate\\Foundation\\Http\\Middleware\\TransformsRequest.php(21): Illuminate\\Pipeline\\Pipeline->Illuminate\\Pipeline\\{closure}(Object(Illuminate\\Http\\Request))
#25 C:\\Users\\Abbas\\Documents\\{}{}{}{}{}{}{}{}{}\\LESSONNSS\\Courses + Projects\\Learn Courses\\Laravel\\laravel-beginners-tutorial-lesson-29\\pizzahouse\\vendor\\laravel\\framework\\src\\Illuminate\\Pipeline\\Pipeline.php(171): Illuminate\\Foundation\\Http\\Middleware\\TransformsRequest->handle(Object(Illuminate\\Http\\Request), Object(Closure))
#26 C:\\Users\\Abbas\\Documents\\{}{}{}{}{}{}{}{}{}\\LESSONNSS\\Courses + Projects\\Learn Courses\\Laravel\\laravel-beginners-tutorial-lesson-29\\pizzahouse\\vendor\\laravel\\framework\\src\\Illuminate\\Foundation\\Http\\Middleware\\TransformsRequest.php(21): Illuminate\\Pipeline\\Pipeline->Illuminate\\Pipeline\\{closure}(Object(Illuminate\\Http\\Request))
#27 C:\\Users\\Abbas\\Documents\\{}{}{}{}{}{}{}{}{}\\LESSONNSS\\Courses + Projects\\Learn Courses\\Laravel\\laravel-beginners-tutorial-lesson-29\\pizzahouse\\vendor\\laravel\\framework\\src\\Illuminate\\Pipeline\\Pipeline.php(171): Illuminate\\Foundation\\Http\\Middleware\\TransformsRequest->handle(Object(Illuminate\\Http\\Request), Object(Closure))
#28 C:\\Users\\Abbas\\Documents\\{}{}{}{}{}{}{}{}{}\\LESSONNSS\\Courses + Projects\\Learn Courses\\Laravel\\laravel-beginners-tutorial-lesson-29\\pizzahouse\\vendor\\laravel\\framework\\src\\Illuminate\\Foundation\\Http\\Middleware\\ValidatePostSize.php(27): Illuminate\\Pipeline\\Pipeline->Illuminate\\Pipeline\\{closure}(Object(Illuminate\\Http\\Request))
#29 C:\\Users\\Abbas\\Documents\\{}{}{}{}{}{}{}{}{}\\LESSONNSS\\Courses + Projects\\Learn Courses\\Laravel\\laravel-beginners-tutorial-lesson-29\\pizzahouse\\vendor\\laravel\\framework\\src\\Illuminate\\Pipeline\\Pipeline.php(171): Illuminate\\Foundation\\Http\\Middleware\\ValidatePostSize->handle(Object(Illuminate\\Http\\Request), Object(Closure))
#30 C:\\Users\\Abbas\\Documents\\{}{}{}{}{}{}{}{}{}\\LESSONNSS\\Courses + Projects\\Learn Courses\\Laravel\\laravel-beginners-tutorial-lesson-29\\pizzahouse\\vendor\\laravel\\framework\\src\\Illuminate\\Foundation\\Http\\Middleware\\CheckForMaintenanceMode.php(63): Illuminate\\Pipeline\\Pipeline->Illuminate\\Pipeline\\{closure}(Object(Illuminate\\Http\\Request))
#31 C:\\Users\\Abbas\\Documents\\{}{}{}{}{}{}{}{}{}\\LESSONNSS\\Courses + Projects\\Learn Courses\\Laravel\\laravel-beginners-tutorial-lesson-29\\pizzahouse\\vendor\\laravel\\framework\\src\\Illuminate\\Pipeline\\Pipeline.php(171): Illuminate\\Foundation\\Http\\Middleware\\CheckForMaintenanceMode->handle(Object(Illuminate\\Http\\Request), Object(Closure))
#32 C:\\Users\\Abbas\\Documents\\{}{}{}{}{}{}{}{}{}\\LESSONNSS\\Courses + Projects\\Learn Courses\\Laravel\\laravel-beginners-tutorial-lesson-29\\pizzahouse\\vendor\\fideloper\\proxy\\src\\TrustProxies.php(57): Illuminate\\Pipeline\\Pipeline->Illuminate\\Pipeline\\{closure}(Object(Illuminate\\Http\\Request))
#33 C:\\Users\\Abbas\\Documents\\{}{}{}{}{}{}{}{}{}\\LESSONNSS\\Courses + Projects\\Learn Courses\\Laravel\\laravel-beginners-tutorial-lesson-29\\pizzahouse\\vendor\\laravel\\framework\\src\\Illuminate\\Pipeline\\Pipeline.php(171): Fideloper\\Proxy\\TrustProxies->handle(Object(Illuminate\\Http\\Request), Object(Closure))
#34 C:\\Users\\Abbas\\Documents\\{}{}{}{}{}{}{}{}{}\\LESSONNSS\\Courses + Projects\\Learn Courses\\Laravel\\laravel-beginners-tutorial-lesson-29\\pizzahouse\\vendor\\laravel\\framework\\src\\Illuminate\\Pipeline\\Pipeline.php(105): Illuminate\\Pipeline\\Pipeline->Illuminate\\Pipeline\\{closure}(Object(Illuminate\\Http\\Request))
#35 C:\\Users\\Abbas\\Documents\\{}{}{}{}{}{}{}{}{}\\LESSONNSS\\Courses + Projects\\Learn Courses\\Laravel\\laravel-beginners-tutorial-lesson-29\\pizzahouse\\vendor\\laravel\\framework\\src\\Illuminate\\Foundation\\Http\\Kernel.php(145): Illuminate\\Pipeline\\Pipeline->then(Object(Closure))
#36 C:\\Users\\Abbas\\Documents\\{}{}{}{}{}{}{}{}{}\\LESSONNSS\\Courses + Projects\\Learn Courses\\Laravel\\laravel-beginners-tutorial-lesson-29\\pizzahouse\\vendor\\laravel\\framework\\src\\Illuminate\\Foundation\\Http\\Kernel.php(110): Illuminate\\Foundation\\Http\\Kernel->sendRequestThroughRouter(Object(Illuminate\\Http\\Request))
#37 C:\\Users\\Abbas\\Documents\\{}{}{}{}{}{}{}{}{}\\LESSONNSS\\Courses + Projects\\Learn Courses\\Laravel\\laravel-beginners-tutorial-lesson-29\\pizzahouse\\public\\index.php(55): Illuminate\\Foundation\\Http\\Kernel->handle(Object(Illuminate\\Http\\Request))
#38 C:\\Users\\Abbas\\Documents\\{}{}{}{}{}{}{}{}{}\\LESSONNSS\\Courses + Projects\\Learn Courses\\Laravel\\laravel-beginners-tutorial-lesson-29\\pizzahouse\\server.php(21): require_once('C:\\\\Users\\\\Abbas\\\\...')
#39 {main}
"} 
[2021-10-30 08:20:05] local.ERROR: No application encryption key has been specified. {"exception":"[object] (RuntimeException(code: 0): No application encryption key has been specified. at C:\\Users\\Abbas\\Documents\\{}{}{}{}{}{}{}{}{}\\LESSONNSS\\Courses + Projects\\Learn Courses\\Laravel\\laravel-beginners-tutorial-lesson-29\\pizzahouse\\vendor\\laravel\\framework\\src\\Illuminate\\Encryption\\EncryptionServiceProvider.php:80)
[stacktrace]
#0 C:\\Users\\Abbas\\Documents\\{}{}{}{}{}{}{}{}{}\\LESSONNSS\\Courses + Projects\\Learn Courses\\Laravel\\laravel-beginners-tutorial-lesson-29\\pizzahouse\\vendor\\laravel\\framework\\src\\Illuminate\\Support\\helpers.php(422): Illuminate\\Encryption\\EncryptionServiceProvider->Illuminate\\Encryption\\{closure}('')
#1 C:\\Users\\Abbas\\Documents\\{}{}{}{}{}{}{}{}{}\\LESSONNSS\\Courses + Projects\\Learn Courses\\Laravel\\laravel-beginners-tutorial-lesson-29\\pizzahouse\\vendor\\laravel\\framework\\src\\Illuminate\\Encryption\\EncryptionServiceProvider.php(84): tap('', Object(Closure))
#2 C:\\Users\\Abbas\\Documents\\{}{}{}{}{}{}{}{}{}\\LESSONNSS\\Courses + Projects\\Learn Courses\\Laravel\\laravel-beginners-tutorial-lesson-29\\pizzahouse\\vendor\\laravel\\framework\\src\\Illuminate\\Encryption\\EncryptionServiceProvider.php(61): Illuminate\\Encryption\\EncryptionServiceProvider->key(Array)
#3 C:\\Users\\Abbas\\Documents\\{}{}{}{}{}{}{}{}{}\\LESSONNSS\\Courses + Projects\\Learn Courses\\Laravel\\laravel-beginners-tutorial-lesson-29\\pizzahouse\\vendor\\laravel\\framework\\src\\Illuminate\\Encryption\\EncryptionServiceProvider.php(33): Illuminate\\Encryption\\EncryptionServiceProvider->parseKey(Array)
#4 C:\\Users\\Abbas\\Documents\\{}{}{}{}{}{}{}{}{}\\LESSONNSS\\Courses + Projects\\Learn Courses\\Laravel\\laravel-beginners-tutorial-lesson-29\\pizzahouse\\vendor\\laravel\\framework\\src\\Illuminate\\Container\\Container.php(799): Illuminate\\Encryption\\EncryptionServiceProvider->Illuminate\\Encryption\\{closure}(Object(Illuminate\\Foundation\\Application), Array)
#5 C:\\Users\\Abbas\\Documents\\{}{}{}{}{}{}{}{}{}\\LESSONNSS\\Courses + Projects\\Learn Courses\\Laravel\\laravel-beginners-tutorial-lesson-29\\pizzahouse\\vendor\\laravel\\framework\\src\\Illuminate\\Container\\Container.php(681): Illuminate\\Container\\Container->build(Object(Closure))
#6 C:\\Users\\Abbas\\Documents\\{}{}{}{}{}{}{}{}{}\\LESSONNSS\\Courses + Projects\\Learn Courses\\Laravel\\laravel-beginners-tutorial-lesson-29\\pizzahouse\\vendor\\laravel\\framework\\src\\Illuminate\\Foundation\\Application.php(785): Illuminate\\Container\\Container->resolve('encrypter', Array, true)
#7 C:\\Users\\Abbas\\Documents\\{}{}{}{}{}{}{}{}{}\\LESSONNSS\\Courses + Projects\\Learn Courses\\Laravel\\laravel-beginners-tutorial-lesson-29\\pizzahouse\\vendor\\laravel\\framework\\src\\Illuminate\\Container\\Container.php(629): Illuminate\\Foundation\\Application->resolve('encrypter', Array)
#8 C:\\Users\\Abbas\\Documents\\{}{}{}{}{}{}{}{}{}\\LESSONNSS\\Courses + Projects\\Learn Courses\\Laravel\\laravel-beginners-tutorial-lesson-29\\pizzahouse\\vendor\\laravel\\framework\\src\\Illuminate\\Foundation\\Application.php(770): Illuminate\\Container\\Container->make('encrypter', Array)
#9 C:\\Users\\Abbas\\Documents\\{}{}{}{}{}{}{}{}{}\\LESSONNSS\\Courses + Projects\\Learn Courses\\Laravel\\laravel-beginners-tutorial-lesson-29\\pizzahouse\\vendor\\laravel\\framework\\src\\Illuminate\\Container\\Container.php(945): Illuminate\\Foundation\\Application->make('encrypter')
#10 C:\\Users\\Abbas\\Documents\\{}{}{}{}{}{}{}{}{}\\LESSONNSS\\Courses + Projects\\Learn Courses\\Laravel\\laravel-beginners-tutorial-lesson-29\\pizzahouse\\vendor\\laravel\\framework\\src\\Illuminate\\Container\\Container.php(873): Illuminate\\Container\\Container->resolveClass(Object(ReflectionParameter))
#11 C:\\Users\\Abbas\\Documents\\{}{}{}{}{}{}{}{}{}\\LESSONNSS\\Courses + Projects\\Learn Courses\\Laravel\\laravel-beginners-tutorial-lesson-29\\pizzahouse\\vendor\\laravel\\framework\\src\\Illuminate\\Container\\Container.php(834): Illuminate\\Container\\Container->resolveDependencies(Array)
#12 C:\\Users\\Abbas\\Documents\\{}{}{}{}{}{}{}{}{}\\LESSONNSS\\Courses + Projects\\Learn Courses\\Laravel\\laravel-beginners-tutorial-lesson-29\\pizzahouse\\vendor\\laravel\\framework\\src\\Illuminate\\Container\\Container.php(681): Illuminate\\Container\\Container->build('App\\\\Http\\\\Middle...')
#13 C:\\Users\\Abbas\\Documents\\{}{}{}{}{}{}{}{}{}\\LESSONNSS\\Courses + Projects\\Learn Courses\\Laravel\\laravel-beginners-tutorial-lesson-29\\pizzahouse\\vendor\\laravel\\framework\\src\\Illuminate\\Foundation\\Application.php(785): Illuminate\\Container\\Container->resolve('App\\\\Http\\\\Middle...', Array, true)
#14 C:\\Users\\Abbas\\Documents\\{}{}{}{}{}{}{}{}{}\\LESSONNSS\\Courses + Projects\\Learn Courses\\Laravel\\laravel-beginners-tutorial-lesson-29\\pizzahouse\\vendor\\laravel\\framework\\src\\Illuminate\\Container\\Container.php(629): Illuminate\\Foundation\\Application->resolve('App\\\\Http\\\\Middle...', Array)
#15 C:\\Users\\Abbas\\Documents\\{}{}{}{}{}{}{}{}{}\\LESSONNSS\\Courses + Projects\\Learn Courses\\Laravel\\laravel-beginners-tutorial-lesson-29\\pizzahouse\\vendor\\laravel\\framework\\src\\Illuminate\\Foundation\\Application.php(770): Illuminate\\Container\\Container->make('App\\\\Http\\\\Middle...', Array)
#16 C:\\Users\\Abbas\\Documents\\{}{}{}{}{}{}{}{}{}\\LESSONNSS\\Courses + Projects\\Learn Courses\\Laravel\\laravel-beginners-tutorial-lesson-29\\pizzahouse\\vendor\\laravel\\framework\\src\\Illuminate\\Foundation\\Http\\Kernel.php(209): Illuminate\\Foundation\\Application->make('App\\\\Http\\\\Middle...')
#17 C:\\Users\\Abbas\\Documents\\{}{}{}{}{}{}{}{}{}\\LESSONNSS\\Courses + Projects\\Learn Courses\\Laravel\\laravel-beginners-tutorial-lesson-29\\pizzahouse\\vendor\\laravel\\framework\\src\\Illuminate\\Foundation\\Http\\Kernel.php(183): Illuminate\\Foundation\\Http\\Kernel->terminateMiddleware(Object(Illuminate\\Http\\Request), Object(Illuminate\\Http\\Response))
#18 C:\\Users\\Abbas\\Documents\\{}{}{}{}{}{}{}{}{}\\LESSONNSS\\Courses + Projects\\Learn Courses\\Laravel\\laravel-beginners-tutorial-lesson-29\\pizzahouse\\public\\index.php(60): Illuminate\\Foundation\\Http\\Kernel->terminate(Object(Illuminate\\Http\\Request), Object(Illuminate\\Http\\Response))
#19 C:\\Users\\Abbas\\Documents\\{}{}{}{}{}{}{}{}{}\\LESSONNSS\\Courses + Projects\\Learn Courses\\Laravel\\laravel-beginners-tutorial-lesson-29\\pizzahouse\\server.php(21): require_once('C:\\\\Users\\\\Abbas\\\\...')
#20 {main}
"} 
[2021-10-30 08:20:23] local.ERROR: No application encryption key has been specified. {"exception":"[object] (RuntimeException(code: 0): No application encryption key has been specified. at C:\\Users\\Abbas\\Documents\\{}{}{}{}{}{}{}{}{}\\LESSONNSS\\Courses + Projects\\Learn Courses\\Laravel\\laravel-beginners-tutorial-lesson-29\\pizzahouse\\vendor\\laravel\\framework\\src\\Illuminate\\Encryption\\EncryptionServiceProvider.php:80)
[stacktrace]
#0 C:\\Users\\Abbas\\Documents\\{}{}{}{}{}{}{}{}{}\\LESSONNSS\\Courses + Projects\\Learn Courses\\Laravel\\laravel-beginners-tutorial-lesson-29\\pizzahouse\\vendor\\laravel\\framework\\src\\Illuminate\\Support\\helpers.php(422): Illuminate\\Encryption\\EncryptionServiceProvider->Illuminate\\Encryption\\{closure}('')
#1 C:\\Users\\Abbas\\Documents\\{}{}{}{}{}{}{}{}{}\\LESSONNSS\\Courses + Projects\\Learn Courses\\Laravel\\laravel-beginners-tutorial-lesson-29\\pizzahouse\\vendor\\laravel\\framework\\src\\Illuminate\\Encryption\\EncryptionServiceProvider.php(84): tap('', Object(Closure))
#2 C:\\Users\\Abbas\\Documents\\{}{}{}{}{}{}{}{}{}\\LESSONNSS\\Courses + Projects\\Learn Courses\\Laravel\\laravel-beginners-tutorial-lesson-29\\pizzahouse\\vendor\\laravel\\framework\\src\\Illuminate\\Encryption\\EncryptionServiceProvider.php(61): Illuminate\\Encryption\\EncryptionServiceProvider->key(Array)
#3 C:\\Users\\Abbas\\Documents\\{}{}{}{}{}{}{}{}{}\\LESSONNSS\\Courses + Projects\\Learn Courses\\Laravel\\laravel-beginners-tutorial-lesson-29\\pizzahouse\\vendor\\laravel\\framework\\src\\Illuminate\\Encryption\\EncryptionServiceProvider.php(33): Illuminate\\Encryption\\EncryptionServiceProvider->parseKey(Array)
#4 C:\\Users\\Abbas\\Documents\\{}{}{}{}{}{}{}{}{}\\LESSONNSS\\Courses + Projects\\Learn Courses\\Laravel\\laravel-beginners-tutorial-lesson-29\\pizzahouse\\vendor\\laravel\\framework\\src\\Illuminate\\Container\\Container.php(799): Illuminate\\Encryption\\EncryptionServiceProvider->Illuminate\\Encryption\\{closure}(Object(Illuminate\\Foundation\\Application), Array)
#5 C:\\Users\\Abbas\\Documents\\{}{}{}{}{}{}{}{}{}\\LESSONNSS\\Courses + Projects\\Learn Courses\\Laravel\\laravel-beginners-tutorial-lesson-29\\pizzahouse\\vendor\\laravel\\framework\\src\\Illuminate\\Container\\Container.php(681): Illuminate\\Container\\Container->build(Object(Closure))
#6 C:\\Users\\Abbas\\Documents\\{}{}{}{}{}{}{}{}{}\\LESSONNSS\\Courses + Projects\\Learn Courses\\Laravel\\laravel-beginners-tutorial-lesson-29\\pizzahouse\\vendor\\laravel\\framework\\src\\Illuminate\\Foundation\\Application.php(785): Illuminate\\Container\\Container->resolve('encrypter', Array, true)
#7 C:\\Users\\Abbas\\Documents\\{}{}{}{}{}{}{}{}{}\\LESSONNSS\\Courses + Projects\\Learn Courses\\Laravel\\laravel-beginners-tutorial-lesson-29\\pizzahouse\\vendor\\laravel\\framework\\src\\Illuminate\\Container\\Container.php(629): Illuminate\\Foundation\\Application->resolve('encrypter', Array)
#8 C:\\Users\\Abbas\\Documents\\{}{}{}{}{}{}{}{}{}\\LESSONNSS\\Courses + Projects\\Learn Courses\\Laravel\\laravel-beginners-tutorial-lesson-29\\pizzahouse\\vendor\\laravel\\framework\\src\\Illuminate\\Foundation\\Application.php(770): Illuminate\\Container\\Container->make('encrypter', Array)
#9 C:\\Users\\Abbas\\Documents\\{}{}{}{}{}{}{}{}{}\\LESSONNSS\\Courses + Projects\\Learn Courses\\Laravel\\laravel-beginners-tutorial-lesson-29\\pizzahouse\\vendor\\laravel\\framework\\src\\Illuminate\\Container\\Container.php(945): Illuminate\\Foundation\\Application->make('encrypter')
#10 C:\\Users\\Abbas\\Documents\\{}{}{}{}{}{}{}{}{}\\LESSONNSS\\Courses + Projects\\Learn Courses\\Laravel\\laravel-beginners-tutorial-lesson-29\\pizzahouse\\vendor\\laravel\\framework\\src\\Illuminate\\Container\\Container.php(873): Illuminate\\Container\\Container->resolveClass(Object(ReflectionParameter))
#11 C:\\Users\\Abbas\\Documents\\{}{}{}{}{}{}{}{}{}\\LESSONNSS\\Courses + Projects\\Learn Courses\\Laravel\\laravel-beginners-tutorial-lesson-29\\pizzahouse\\vendor\\laravel\\framework\\src\\Illuminate\\Container\\Container.php(834): Illuminate\\Container\\Container->resolveDependencies(Array)
#12 C:\\Users\\Abbas\\Documents\\{}{}{}{}{}{}{}{}{}\\LESSONNSS\\Courses + Projects\\Learn Courses\\Laravel\\laravel-beginners-tutorial-lesson-29\\pizzahouse\\vendor\\laravel\\framework\\src\\Illuminate\\Container\\Container.php(681): Illuminate\\Container\\Container->build('App\\\\Http\\\\Middle...')
#13 C:\\Users\\Abbas\\Documents\\{}{}{}{}{}{}{}{}{}\\LESSONNSS\\Courses + Projects\\Learn Courses\\Laravel\\laravel-beginners-tutorial-lesson-29\\pizzahouse\\vendor\\laravel\\framework\\src\\Illuminate\\Foundation\\Application.php(785): Illuminate\\Container\\Container->resolve('App\\\\Http\\\\Middle...', Array, true)
#14 C:\\Users\\Abbas\\Documents\\{}{}{}{}{}{}{}{}{}\\LESSONNSS\\Courses + Projects\\Learn Courses\\Laravel\\laravel-beginners-tutorial-lesson-29\\pizzahouse\\vendor\\laravel\\framework\\src\\Illuminate\\Container\\Container.php(629): Illuminate\\Foundation\\Application->resolve('App\\\\Http\\\\Middle...', Array)
#15 C:\\Users\\Abbas\\Documents\\{}{}{}{}{}{}{}{}{}\\LESSONNSS\\Courses + Projects\\Learn Courses\\Laravel\\laravel-beginners-tutorial-lesson-29\\pizzahouse\\vendor\\laravel\\framework\\src\\Illuminate\\Foundation\\Application.php(770): Illuminate\\Container\\Container->make('App\\\\Http\\\\Middle...', Array)
#16 C:\\Users\\Abbas\\Documents\\{}{}{}{}{}{}{}{}{}\\LESSONNSS\\Courses + Projects\\Learn Courses\\Laravel\\laravel-beginners-tutorial-lesson-29\\pizzahouse\\vendor\\laravel\\framework\\src\\Illuminate\\Pipeline\\Pipeline.php(160): Illuminate\\Foundation\\Application->make('App\\\\Http\\\\Middle...')
#17 C:\\Users\\Abbas\\Documents\\{}{}{}{}{}{}{}{}{}\\LESSONNSS\\Courses + Projects\\Learn Courses\\Laravel\\laravel-beginners-tutorial-lesson-29\\pizzahouse\\vendor\\laravel\\framework\\src\\Illuminate\\Pipeline\\Pipeline.php(105): Illuminate\\Pipeline\\Pipeline->Illuminate\\Pipeline\\{closure}(Object(Illuminate\\Http\\Request))
#18 C:\\Users\\Abbas\\Documents\\{}{}{}{}{}{}{}{}{}\\LESSONNSS\\Courses + Projects\\Learn Courses\\Laravel\\laravel-beginners-tutorial-lesson-29\\pizzahouse\\vendor\\laravel\\framework\\src\\Illuminate\\Routing\\Router.php(683): Illuminate\\Pipeline\\Pipeline->then(Object(Closure))
#19 C:\\Users\\Abbas\\Documents\\{}{}{}{}{}{}{}{}{}\\LESSONNSS\\Courses + Projects\\Learn Courses\\Laravel\\laravel-beginners-tutorial-lesson-29\\pizzahouse\\vendor\\laravel\\framework\\src\\Illuminate\\Routing\\Router.php(658): Illuminate\\Routing\\Router->runRouteWithinStack(Object(Illuminate\\Routing\\Route), Object(Illuminate\\Http\\Request))
#20 C:\\Users\\Abbas\\Documents\\{}{}{}{}{}{}{}{}{}\\LESSONNSS\\Courses + Projects\\Learn Courses\\Laravel\\laravel-beginners-tutorial-lesson-29\\pizzahouse\\vendor\\laravel\\framework\\src\\Illuminate\\Routing\\Router.php(624): Illuminate\\Routing\\Router->runRoute(Object(Illuminate\\Http\\Request), Object(Illuminate\\Routing\\Route))
#21 C:\\Users\\Abbas\\Documents\\{}{}{}{}{}{}{}{}{}\\LESSONNSS\\Courses + Projects\\Learn Courses\\Laravel\\laravel-beginners-tutorial-lesson-29\\pizzahouse\\vendor\\laravel\\framework\\src\\Illuminate\\Routing\\Router.php(613): Illuminate\\Routing\\Router->dispatchToRoute(Object(Illuminate\\Http\\Request))
#22 C:\\Users\\Abbas\\Documents\\{}{}{}{}{}{}{}{}{}\\LESSONNSS\\Courses + Projects\\Learn Courses\\Laravel\\laravel-beginners-tutorial-lesson-29\\pizzahouse\\vendor\\laravel\\framework\\src\\Illuminate\\Foundation\\Http\\Kernel.php(170): Illuminate\\Routing\\Router->dispatch(Object(Illuminate\\Http\\Request))
#23 C:\\Users\\Abbas\\Documents\\{}{}{}{}{}{}{}{}{}\\LESSONNSS\\Courses + Projects\\Learn Courses\\Laravel\\laravel-beginners-tutorial-lesson-29\\pizzahouse\\vendor\\laravel\\framework\\src\\Illuminate\\Pipeline\\Pipeline.php(130): Illuminate\\Foundation\\Http\\Kernel->Illuminate\\Foundation\\Http\\{closure}(Object(Illuminate\\Http\\Request))
#24 C:\\Users\\Abbas\\Documents\\{}{}{}{}{}{}{}{}{}\\LESSONNSS\\Courses + Projects\\Learn Courses\\Laravel\\laravel-beginners-tutorial-lesson-29\\pizzahouse\\vendor\\laravel\\framework\\src\\Illuminate\\Foundation\\Http\\Middleware\\TransformsRequest.php(21): Illuminate\\Pipeline\\Pipeline->Illuminate\\Pipeline\\{closure}(Object(Illuminate\\Http\\Request))
#25 C:\\Users\\Abbas\\Documents\\{}{}{}{}{}{}{}{}{}\\LESSONNSS\\Courses + Projects\\Learn Courses\\Laravel\\laravel-beginners-tutorial-lesson-29\\pizzahouse\\vendor\\laravel\\framework\\src\\Illuminate\\Pipeline\\Pipeline.php(171): Illuminate\\Foundation\\Http\\Middleware\\TransformsRequest->handle(Object(Illuminate\\Http\\Request), Object(Closure))
#26 C:\\Users\\Abbas\\Documents\\{}{}{}{}{}{}{}{}{}\\LESSONNSS\\Courses + Projects\\Learn Courses\\Laravel\\laravel-beginners-tutorial-lesson-29\\pizzahouse\\vendor\\laravel\\framework\\src\\Illuminate\\Foundation\\Http\\Middleware\\TransformsRequest.php(21): Illuminate\\Pipeline\\Pipeline->Illuminate\\Pipeline\\{closure}(Object(Illuminate\\Http\\Request))
#27 C:\\Users\\Abbas\\Documents\\{}{}{}{}{}{}{}{}{}\\LESSONNSS\\Courses + Projects\\Learn Courses\\Laravel\\laravel-beginners-tutorial-lesson-29\\pizzahouse\\vendor\\laravel\\framework\\src\\Illuminate\\Pipeline\\Pipeline.php(171): Illuminate\\Foundation\\Http\\Middleware\\TransformsRequest->handle(Object(Illuminate\\Http\\Request), Object(Closure))
#28 C:\\Users\\Abbas\\Documents\\{}{}{}{}{}{}{}{}{}\\LESSONNSS\\Courses + Projects\\Learn Courses\\Laravel\\laravel-beginners-tutorial-lesson-29\\pizzahouse\\vendor\\laravel\\framework\\src\\Illuminate\\Foundation\\Http\\Middleware\\ValidatePostSize.php(27): Illuminate\\Pipeline\\Pipeline->Illuminate\\Pipeline\\{closure}(Object(Illuminate\\Http\\Request))
#29 C:\\Users\\Abbas\\Documents\\{}{}{}{}{}{}{}{}{}\\LESSONNSS\\Courses + Projects\\Learn Courses\\Laravel\\laravel-beginners-tutorial-lesson-29\\pizzahouse\\vendor\\laravel\\framework\\src\\Illuminate\\Pipeline\\Pipeline.php(171): Illuminate\\Foundation\\Http\\Middleware\\ValidatePostSize->handle(Object(Illuminate\\Http\\Request), Object(Closure))
#30 C:\\Users\\Abbas\\Documents\\{}{}{}{}{}{}{}{}{}\\LESSONNSS\\Courses + Projects\\Learn Courses\\Laravel\\laravel-beginners-tutorial-lesson-29\\pizzahouse\\vendor\\laravel\\framework\\src\\Illuminate\\Foundation\\Http\\Middleware\\CheckForMaintenanceMode.php(63): Illuminate\\Pipeline\\Pipeline->Illuminate\\Pipeline\\{closure}(Object(Illuminate\\Http\\Request))
#31 C:\\Users\\Abbas\\Documents\\{}{}{}{}{}{}{}{}{}\\LESSONNSS\\Courses + Projects\\Learn Courses\\Laravel\\laravel-beginners-tutorial-lesson-29\\pizzahouse\\vendor\\laravel\\framework\\src\\Illuminate\\Pipeline\\Pipeline.php(171): Illuminate\\Foundation\\Http\\Middleware\\CheckForMaintenanceMode->handle(Object(Illuminate\\Http\\Request), Object(Closure))
#32 C:\\Users\\Abbas\\Documents\\{}{}{}{}{}{}{}{}{}\\LESSONNSS\\Courses + Projects\\Learn Courses\\Laravel\\laravel-beginners-tutorial-lesson-29\\pizzahouse\\vendor\\fideloper\\proxy\\src\\TrustProxies.php(57): Illuminate\\Pipeline\\Pipeline->Illuminate\\Pipeline\\{closure}(Object(Illuminate\\Http\\Request))
#33 C:\\Users\\Abbas\\Documents\\{}{}{}{}{}{}{}{}{}\\LESSONNSS\\Courses + Projects\\Learn Courses\\Laravel\\laravel-beginners-tutorial-lesson-29\\pizzahouse\\vendor\\laravel\\framework\\src\\Illuminate\\Pipeline\\Pipeline.php(171): Fideloper\\Proxy\\TrustProxies->handle(Object(Illuminate\\Http\\Request), Object(Closure))
#34 C:\\Users\\Abbas\\Documents\\{}{}{}{}{}{}{}{}{}\\LESSONNSS\\Courses + Projects\\Learn Courses\\Laravel\\laravel-beginners-tutorial-lesson-29\\pizzahouse\\vendor\\laravel\\framework\\src\\Illuminate\\Pipeline\\Pipeline.php(105): Illuminate\\Pipeline\\Pipeline->Illuminate\\Pipeline\\{closure}(Object(Illuminate\\Http\\Request))
#35 C:\\Users\\Abbas\\Documents\\{}{}{}{}{}{}{}{}{}\\LESSONNSS\\Courses + Projects\\Learn Courses\\Laravel\\laravel-beginners-tutorial-lesson-29\\pizzahouse\\vendor\\laravel\\framework\\src\\Illuminate\\Foundation\\Http\\Kernel.php(145): Illuminate\\Pipeline\\Pipeline->then(Object(Closure))
#36 C:\\Users\\Abbas\\Documents\\{}{}{}{}{}{}{}{}{}\\LESSONNSS\\Courses + Projects\\Learn Courses\\Laravel\\laravel-beginners-tutorial-lesson-29\\pizzahouse\\vendor\\laravel\\framework\\src\\Illuminate\\Foundation\\Http\\Kernel.php(110): Illuminate\\Foundation\\Http\\Kernel->sendRequestThroughRouter(Object(Illuminate\\Http\\Request))
#37 C:\\Users\\Abbas\\Documents\\{}{}{}{}{}{}{}{}{}\\LESSONNSS\\Courses + Projects\\Learn Courses\\Laravel\\laravel-beginners-tutorial-lesson-29\\pizzahouse\\public\\index.php(55): Illuminate\\Foundation\\Http\\Kernel->handle(Object(Illuminate\\Http\\Request))
#38 C:\\Users\\Abbas\\Documents\\{}{}{}{}{}{}{}{}{}\\LESSONNSS\\Courses + Projects\\Learn Courses\\Laravel\\laravel-beginners-tutorial-lesson-29\\pizzahouse\\server.php(21): require_once('C:\\\\Users\\\\Abbas\\\\...')
#39 {main}
"} 
[2021-10-30 08:20:25] local.ERROR: No application encryption key has been specified. {"exception":"[object] (RuntimeException(code: 0): No application encryption key has been specified. at C:\\Users\\Abbas\\Documents\\{}{}{}{}{}{}{}{}{}\\LESSONNSS\\Courses + Projects\\Learn Courses\\Laravel\\laravel-beginners-tutorial-lesson-29\\pizzahouse\\vendor\\laravel\\framework\\src\\Illuminate\\Encryption\\EncryptionServiceProvider.php:80)
[stacktrace]
#0 C:\\Users\\Abbas\\Documents\\{}{}{}{}{}{}{}{}{}\\LESSONNSS\\Courses + Projects\\Learn Courses\\Laravel\\laravel-beginners-tutorial-lesson-29\\pizzahouse\\vendor\\laravel\\framework\\src\\Illuminate\\Support\\helpers.php(422): Illuminate\\Encryption\\EncryptionServiceProvider->Illuminate\\Encryption\\{closure}('')
#1 C:\\Users\\Abbas\\Documents\\{}{}{}{}{}{}{}{}{}\\LESSONNSS\\Courses + Projects\\Learn Courses\\Laravel\\laravel-beginners-tutorial-lesson-29\\pizzahouse\\vendor\\laravel\\framework\\src\\Illuminate\\Encryption\\EncryptionServiceProvider.php(84): tap('', Object(Closure))
#2 C:\\Users\\Abbas\\Documents\\{}{}{}{}{}{}{}{}{}\\LESSONNSS\\Courses + Projects\\Learn Courses\\Laravel\\laravel-beginners-tutorial-lesson-29\\pizzahouse\\vendor\\laravel\\framework\\src\\Illuminate\\Encryption\\EncryptionServiceProvider.php(61): Illuminate\\Encryption\\EncryptionServiceProvider->key(Array)
#3 C:\\Users\\Abbas\\Documents\\{}{}{}{}{}{}{}{}{}\\LESSONNSS\\Courses + Projects\\Learn Courses\\Laravel\\laravel-beginners-tutorial-lesson-29\\pizzahouse\\vendor\\laravel\\framework\\src\\Illuminate\\Encryption\\EncryptionServiceProvider.php(33): Illuminate\\Encryption\\EncryptionServiceProvider->parseKey(Array)
#4 C:\\Users\\Abbas\\Documents\\{}{}{}{}{}{}{}{}{}\\LESSONNSS\\Courses + Projects\\Learn Courses\\Laravel\\laravel-beginners-tutorial-lesson-29\\pizzahouse\\vendor\\laravel\\framework\\src\\Illuminate\\Container\\Container.php(799): Illuminate\\Encryption\\EncryptionServiceProvider->Illuminate\\Encryption\\{closure}(Object(Illuminate\\Foundation\\Application), Array)
#5 C:\\Users\\Abbas\\Documents\\{}{}{}{}{}{}{}{}{}\\LESSONNSS\\Courses + Projects\\Learn Courses\\Laravel\\laravel-beginners-tutorial-lesson-29\\pizzahouse\\vendor\\laravel\\framework\\src\\Illuminate\\Container\\Container.php(681): Illuminate\\Container\\Container->build(Object(Closure))
#6 C:\\Users\\Abbas\\Documents\\{}{}{}{}{}{}{}{}{}\\LESSONNSS\\Courses + Projects\\Learn Courses\\Laravel\\laravel-beginners-tutorial-lesson-29\\pizzahouse\\vendor\\laravel\\framework\\src\\Illuminate\\Foundation\\Application.php(785): Illuminate\\Container\\Container->resolve('encrypter', Array, true)
#7 C:\\Users\\Abbas\\Documents\\{}{}{}{}{}{}{}{}{}\\LESSONNSS\\Courses + Projects\\Learn Courses\\Laravel\\laravel-beginners-tutorial-lesson-29\\pizzahouse\\vendor\\laravel\\framework\\src\\Illuminate\\Container\\Container.php(629): Illuminate\\Foundation\\Application->resolve('encrypter', Array)
#8 C:\\Users\\Abbas\\Documents\\{}{}{}{}{}{}{}{}{}\\LESSONNSS\\Courses + Projects\\Learn Courses\\Laravel\\laravel-beginners-tutorial-lesson-29\\pizzahouse\\vendor\\laravel\\framework\\src\\Illuminate\\Foundation\\Application.php(770): Illuminate\\Container\\Container->make('encrypter', Array)
#9 C:\\Users\\Abbas\\Documents\\{}{}{}{}{}{}{}{}{}\\LESSONNSS\\Courses + Projects\\Learn Courses\\Laravel\\laravel-beginners-tutorial-lesson-29\\pizzahouse\\vendor\\laravel\\framework\\src\\Illuminate\\Container\\Container.php(945): Illuminate\\Foundation\\Application->make('encrypter')
#10 C:\\Users\\Abbas\\Documents\\{}{}{}{}{}{}{}{}{}\\LESSONNSS\\Courses + Projects\\Learn Courses\\Laravel\\laravel-beginners-tutorial-lesson-29\\pizzahouse\\vendor\\laravel\\framework\\src\\Illuminate\\Container\\Container.php(873): Illuminate\\Container\\Container->resolveClass(Object(ReflectionParameter))
#11 C:\\Users\\Abbas\\Documents\\{}{}{}{}{}{}{}{}{}\\LESSONNSS\\Courses + Projects\\Learn Courses\\Laravel\\laravel-beginners-tutorial-lesson-29\\pizzahouse\\vendor\\laravel\\framework\\src\\Illuminate\\Container\\Container.php(834): Illuminate\\Container\\Container->resolveDependencies(Array)
#12 C:\\Users\\Abbas\\Documents\\{}{}{}{}{}{}{}{}{}\\LESSONNSS\\Courses + Projects\\Learn Courses\\Laravel\\laravel-beginners-tutorial-lesson-29\\pizzahouse\\vendor\\laravel\\framework\\src\\Illuminate\\Container\\Container.php(681): Illuminate\\Container\\Container->build('App\\\\Http\\\\Middle...')
#13 C:\\Users\\Abbas\\Documents\\{}{}{}{}{}{}{}{}{}\\LESSONNSS\\Courses + Projects\\Learn Courses\\Laravel\\laravel-beginners-tutorial-lesson-29\\pizzahouse\\vendor\\laravel\\framework\\src\\Illuminate\\Foundation\\Application.php(785): Illuminate\\Container\\Container->resolve('App\\\\Http\\\\Middle...', Array, true)
#14 C:\\Users\\Abbas\\Documents\\{}{}{}{}{}{}{}{}{}\\LESSONNSS\\Courses + Projects\\Learn Courses\\Laravel\\laravel-beginners-tutorial-lesson-29\\pizzahouse\\vendor\\laravel\\framework\\src\\Illuminate\\Container\\Container.php(629): Illuminate\\Foundation\\Application->resolve('App\\\\Http\\\\Middle...', Array)
#15 C:\\Users\\Abbas\\Documents\\{}{}{}{}{}{}{}{}{}\\LESSONNSS\\Courses + Projects\\Learn Courses\\Laravel\\laravel-beginners-tutorial-lesson-29\\pizzahouse\\vendor\\laravel\\framework\\src\\Illuminate\\Foundation\\Application.php(770): Illuminate\\Container\\Container->make('App\\\\Http\\\\Middle...', Array)
#16 C:\\Users\\Abbas\\Documents\\{}{}{}{}{}{}{}{}{}\\LESSONNSS\\Courses + Projects\\Learn Courses\\Laravel\\laravel-beginners-tutorial-lesson-29\\pizzahouse\\vendor\\laravel\\framework\\src\\Illuminate\\Foundation\\Http\\Kernel.php(209): Illuminate\\Foundation\\Application->make('App\\\\Http\\\\Middle...')
#17 C:\\Users\\Abbas\\Documents\\{}{}{}{}{}{}{}{}{}\\LESSONNSS\\Courses + Projects\\Learn Courses\\Laravel\\laravel-beginners-tutorial-lesson-29\\pizzahouse\\vendor\\laravel\\framework\\src\\Illuminate\\Foundation\\Http\\Kernel.php(183): Illuminate\\Foundation\\Http\\Kernel->terminateMiddleware(Object(Illuminate\\Http\\Request), Object(Illuminate\\Http\\Response))
#18 C:\\Users\\Abbas\\Documents\\{}{}{}{}{}{}{}{}{}\\LESSONNSS\\Courses + Projects\\Learn Courses\\Laravel\\laravel-beginners-tutorial-lesson-29\\pizzahouse\\public\\index.php(60): Illuminate\\Foundation\\Http\\Kernel->terminate(Object(Illuminate\\Http\\Request), Object(Illuminate\\Http\\Response))
#19 C:\\Users\\Abbas\\Documents\\{}{}{}{}{}{}{}{}{}\\LESSONNSS\\Courses + Projects\\Learn Courses\\Laravel\\laravel-beginners-tutorial-lesson-29\\pizzahouse\\server.php(21): require_once('C:\\\\Users\\\\Abbas\\\\...')
#20 {main}
"} 
[2021-10-30 08:21:03] local.ERROR: There are no commands defined in the "generate" namespace. {"exception":"[object] (Symfony\\Component\\Console\\Exception\\NamespaceNotFoundException(code: 0): There are no commands defined in the \"generate\" namespace. at C:\\Users\\Abbas\\Documents\\{}{}{}{}{}{}{}{}{}\\LESSONNSS\\Courses + Projects\\Learn Courses\\Laravel\\laravel-beginners-tutorial-lesson-29\\pizzahouse\\vendor\\symfony\\console\\Application.php:604)
[stacktrace]
#0 C:\\Users\\Abbas\\Documents\\{}{}{}{}{}{}{}{}{}\\LESSONNSS\\Courses + Projects\\Learn Courses\\Laravel\\laravel-beginners-tutorial-lesson-29\\pizzahouse\\vendor\\symfony\\console\\Application.php(657): Symfony\\Component\\Console\\Application->findNamespace('generate')
#1 C:\\Users\\Abbas\\Documents\\{}{}{}{}{}{}{}{}{}\\LESSONNSS\\Courses + Projects\\Learn Courses\\Laravel\\laravel-beginners-tutorial-lesson-29\\pizzahouse\\vendor\\symfony\\console\\Application.php(237): Symfony\\Component\\Console\\Application->find('generate:key')
#2 C:\\Users\\Abbas\\Documents\\{}{}{}{}{}{}{}{}{}\\LESSONNSS\\Courses + Projects\\Learn Courses\\Laravel\\laravel-beginners-tutorial-lesson-29\\pizzahouse\\vendor\\symfony\\console\\Application.php(149): Symfony\\Component\\Console\\Application->doRun(Object(Symfony\\Component\\Console\\Input\\ArgvInput), Object(Symfony\\Component\\Console\\Output\\ConsoleOutput))
#3 C:\\Users\\Abbas\\Documents\\{}{}{}{}{}{}{}{}{}\\LESSONNSS\\Courses + Projects\\Learn Courses\\Laravel\\laravel-beginners-tutorial-lesson-29\\pizzahouse\\vendor\\laravel\\framework\\src\\Illuminate\\Console\\Application.php(93): Symfony\\Component\\Console\\Application->run(Object(Symfony\\Component\\Console\\Input\\ArgvInput), Object(Symfony\\Component\\Console\\Output\\ConsoleOutput))
#4 C:\\Users\\Abbas\\Documents\\{}{}{}{}{}{}{}{}{}\\LESSONNSS\\Courses + Projects\\Learn Courses\\Laravel\\laravel-beginners-tutorial-lesson-29\\pizzahouse\\vendor\\laravel\\framework\\src\\Illuminate\\Foundation\\Console\\Kernel.php(131): Illuminate\\Console\\Application->run(Object(Symfony\\Component\\Console\\Input\\ArgvInput), Object(Symfony\\Component\\Console\\Output\\ConsoleOutput))
#5 C:\\Users\\Abbas\\Documents\\{}{}{}{}{}{}{}{}{}\\LESSONNSS\\Courses + Projects\\Learn Courses\\Laravel\\laravel-beginners-tutorial-lesson-29\\pizzahouse\\artisan(37): Illuminate\\Foundation\\Console\\Kernel->handle(Object(Symfony\\Component\\Console\\Input\\ArgvInput), Object(Symfony\\Component\\Console\\Output\\ConsoleOutput))
#6 {main}
"} 
